<?xml version="1.0" encoding="UTF-8"?>
<!-- Generated by org.testng.reporters.JUnitReportReporter -->
<testsuite hostname="DESKTOP-41G56EL" failures="0" tests="1" name="com.restAssured.day2.HashMapPayload1" time="3.872" errors="0" timestamp="2025-03-19T10:43:24 IST" skipped="0">
  <testcase classname="com.restAssured.day2.HashMapPayload1" name="payload1" time="3.872"/>
</testsuite> <!-- com.restAssured.day2.HashMapPayload1 -->
