<?xml version="1.0" encoding="UTF-8"?>
<!-- Generated by org.testng.reporters.JUnitReportReporter -->
<testsuite hostname="DESKTOP-41G56EL" failures="0" tests="1" name="com.restAssured.day5.PathQuery" time="19.719" errors="0" timestamp="2025-03-25T10:30:39 IST" skipped="0">
  <testcase classname="com.restAssured.day5.PathQuery" name="pathAndQuery" time="19.719"/>
</testsuite> <!-- com.restAssured.day5.PathQuery -->
