<?xml version="1.0" encoding="UTF-8"?>
<!-- Generated by org.testng.reporters.JUnitReportReporter -->
<testsuite hostname="DESKTOP-41G56EL" failures="0" tests="1" name="com.restAssured.day7.GenerateRandomData" time="0.470" errors="0" timestamp="2025-03-26T11:05:27 IST" skipped="0">
  <testcase classname="com.restAssured.day7.GenerateRandomData" name="test3" time="0.470"/>
</testsuite> <!-- com.restAssured.day7.GenerateRandomData -->
