<?xml version="1.0" encoding="UTF-8"?>
<!-- Generated by org.testng.reporters.JUnitReportReporter -->
<testsuite hostname="DESKTOP-41G56EL" failures="0" tests="1" name="com.restAssured.day4.HeadersAndCookies" time="3.811" errors="0" timestamp="2025-03-21T10:48:55 IST" skipped="0">
  <testcase classname="com.restAssured.day4.HeadersAndCookies" name="validateValue" time="3.811"/>
</testsuite> <!-- com.restAssured.day4.HeadersAndCookies -->
