<?xml version="1.0" encoding="UTF-8"?>
<!-- Generated by org.testng.reporters.JUnitReportReporter -->
<testsuite hostname="DESKTOP-41G56EL" failures="0" tests="1" name="com.restAssured.day2.JsonObjectPayload2" time="3.816" errors="0" timestamp="2025-03-19T10:53:59 IST" skipped="0">
  <testcase classname="com.restAssured.day2.JsonObjectPayload2" name="payload2" time="3.816"/>
</testsuite> <!-- com.restAssured.day2.JsonObjectPayload2 -->
