<?xml version="1.0" encoding="UTF-8"?>
<!-- Generated by org.testng.reporters.JUnitReportReporter -->
<testsuite hostname="DESKTOP-41G56EL" failures="0" tests="1" name="com.restAssured.day2.Pojopayload" time="4.254" errors="0" timestamp="2025-03-19T11:11:00 IST" skipped="0">
  <testcase classname="com.restAssured.day2.Pojopayload" name="test1" time="4.254"/>
</testsuite> <!-- com.restAssured.day2.Pojopayload -->
