<?xml version="1.0" encoding="UTF-8"?>
<!-- Generated by org.testng.reporters.JUnitReportReporter -->
<testsuite hostname="DESKTOP-41G56EL" failures="0" tests="1" name="com.restAssured.day4.CookiesValidation" time="3.344" errors="0" timestamp="2025-03-21T11:02:47 IST" skipped="0">
  <testcase classname="com.restAssured.day4.CookiesValidation" name="test1" time="3.344"/>
</testsuite> <!-- com.restAssured.day4.CookiesValidation -->
