<?xml version="1.0" encoding="UTF-8"?>
<!-- Generated by org.testng.reporters.JUnitReportReporter -->
<testsuite hostname="DESKTOP-41G56EL" failures="0" tests="1" name="com.restAssured.day5.ParsingData" time="3.147" errors="0" timestamp="2025-03-24T11:00:09 IST" skipped="0">
  <testcase classname="com.restAssured.day5.ParsingData" name="pathAndQuery" time="3.147"/>
</testsuite> <!-- com.restAssured.day5.ParsingData -->
