<?xml version="1.0" encoding="UTF-8"?>
<!-- Generated by org.testng.reporters.JUnitReportReporter -->
<testsuite hostname="DESKTOP-41G56EL" failures="0" tests="1" name="com.restAssured.day6.Authentications" time="4.598" errors="0" timestamp="2025-03-25T11:10:26 IST" skipped="0">
  <testcase classname="com.restAssured.day6.Authentications" name="digestAuthTest" time="4.598"/>
</testsuite> <!-- com.restAssured.day6.Authentications -->
