<?xml version="1.0" encoding="UTF-8"?>
<!-- Generated by org.testng.reporters.JUnitReportReporter -->
<testsuite hostname="DESKTOP-41G56EL" failures="0" tests="1" name="com.restAssured.day3.PayloadFile" time="3.426" errors="0" timestamp="2025-03-20T11:05:55 IST" skipped="0">
  <testcase classname="com.restAssured.day3.PayloadFile" name="test1" time="3.426"/>
</testsuite> <!-- com.restAssured.day3.PayloadFile -->
