<?xml version="1.0" encoding="UTF-8"?>
<!-- Generated by org.testng.reporters.JUnitReportReporter -->
<testsuite hostname="DESKTOP-41G56EL" failures="0" tests="1" name="com.restAssured.day1.BasicHttpMethods" time="3.891" errors="0" timestamp="2025-03-18T11:08:10 IST" skipped="0">
  <testcase classname="com.restAssured.day1.BasicHttpMethods" name="createUser" time="3.891"/>
</testsuite> <!-- com.restAssured.day1.BasicHttpMethods -->
