<?xml version="1.0" encoding="UTF-8"?>
<!-- Generated by org.testng.reporters.JUnitReportReporter -->
<testsuite hostname="DESKTOP-41G56EL" failures="0" tests="1" name="com.restAssured.day5.QueryParam" time="4.576" errors="0" timestamp="2025-03-24T10:41:15 IST" skipped="0">
  <testcase classname="com.restAssured.day5.QueryParam" name="pathAndQuery" time="4.576"/>
</testsuite> <!-- com.restAssured.day5.QueryParam -->
