<?xml version="1.0" encoding="UTF-8"?>
<!-- Generated by org.testng.reporters.JUnitReportReporter -->
<testsuite hostname="DESKTOP-41G56EL" failures="0" tests="1" name="com.restAssured.day5.PathQuery" time="20.239" errors="0" timestamp="2025-03-24T10:41:50 IST" skipped="0">
  <testcase classname="com.restAssured.day5.PathQuery" name="pathAndQuery" time="20.239"/>
</testsuite> <!-- com.restAssured.day5.PathQuery -->
